<?xml version="1.0" encoding="UTF-8"?>
<!-- Generated by org.testng.reporters.JUnitXMLReporter -->
<testsuite hostname="LAPTOP-RMAM58HG" failures="0" tests="6" name="Default test" time="11.625" errors="0" timestamp="8 Oct 2024 18:46:06 GMT">
  <testcase classname="tests.PracticeFormTestCases" name="TestCaseEnterFirstName" time="10.465"/>
  <testcase classname="tests.PracticeFormTestCases" name="TestCaseEnterLastName" time="0.209"/>
  <testcase classname="tests.PracticeFormTestCases" name="TestCaseEnterUserEmail" time="0.316"/>
  <testcase classname="tests.PracticeFormTestCases" name="TestCaseSelectGender" time="0.172"/>
  <testcase classname="tests.PracticeFormTestCases" name="TestCaseEnterNumber" time="0.181"/>
  <testcase classname="tests.PracticeFormTestCases" name="TestCaseEnterSubjects" time="0.24"/>
</testsuite> <!-- Default test -->
