<?xml version="1.0" encoding="UTF-8"?>
<!-- Generated by org.testng.reporters.JUnitXMLReporter -->
<testsuite hostname="LAPTOP-RMAM58HG" failures="13" tests="13" name="DemoQATests" time="3.086" errors="0" timestamp="14 Oct 2024 17:38:20 GMT">
  <testcase classname="tests.PracticeFormTestCases" name="TestCaseEnterFirstName" time="3.021">
    <failure type="java.lang.NullPointerException" message="Cannot invoke &amp;quot;pageObjects.PracticeForm.clickOnFirstNameInput(String)&amp;quot; because &amp;quot;this.PracticeFormVariable&amp;quot; is null">
      <![CDATA[java.lang.NullPointerException: Cannot invoke "pageObjects.PracticeForm.clickOnFirstNameInput(String)" because "this.PracticeFormVariable" is null
	at tests.PracticeFormTestCases.TestCaseEnterFirstName(PracticeFormTestCases.java:21)
... Removed 24 stack frames]]>
    </failure>
  </testcase> <!-- TestCaseEnterFirstName -->
  <testcase classname="tests.PracticeFormTestCases" name="TestCaseEnterLastName" time="0.003">
    <failure type="java.lang.NullPointerException" message="Cannot invoke &amp;quot;pageObjects.PracticeForm.clickOnLastNameInput(String)&amp;quot; because &amp;quot;this.PracticeFormVariable&amp;quot; is null">
      <![CDATA[java.lang.NullPointerException: Cannot invoke "pageObjects.PracticeForm.clickOnLastNameInput(String)" because "this.PracticeFormVariable" is null
	at tests.PracticeFormTestCases.TestCaseEnterLastName(PracticeFormTestCases.java:26)
... Removed 24 stack frames]]>
    </failure>
  </testcase> <!-- TestCaseEnterLastName -->
  <testcase classname="tests.PracticeFormTestCases" name="TestCaseEnterUserEmail" time="0.003">
    <failure type="java.lang.NullPointerException" message="Cannot invoke &amp;quot;pageObjects.PracticeForm.clickOnEmailInput(String)&amp;quot; because &amp;quot;this.PracticeFormVariable&amp;quot; is null">
      <![CDATA[java.lang.NullPointerException: Cannot invoke "pageObjects.PracticeForm.clickOnEmailInput(String)" because "this.PracticeFormVariable" is null
	at tests.PracticeFormTestCases.TestCaseEnterUserEmail(PracticeFormTestCases.java:31)
... Removed 24 stack frames]]>
    </failure>
  </testcase> <!-- TestCaseEnterUserEmail -->
  <testcase classname="tests.PracticeFormTestCases" name="TestCaseSelectGender" time="0.001">
    <failure type="java.lang.NullPointerException" message="Cannot invoke &amp;quot;pageObjects.PracticeForm.clickOnGenderButton()&amp;quot; because &amp;quot;this.PracticeFormVariable&amp;quot; is null">
      <![CDATA[java.lang.NullPointerException: Cannot invoke "pageObjects.PracticeForm.clickOnGenderButton()" because "this.PracticeFormVariable" is null
	at tests.PracticeFormTestCases.TestCaseSelectGender(PracticeFormTestCases.java:36)
... Removed 24 stack frames]]>
    </failure>
  </testcase> <!-- TestCaseSelectGender -->
  <testcase classname="tests.PracticeFormTestCases" name="TestCaseEnterNumber" time="0.001">
    <failure type="java.lang.NullPointerException" message="Cannot invoke &amp;quot;pageObjects.PracticeForm.enterUserNumber()&amp;quot; because &amp;quot;this.PracticeFormVariable&amp;quot; is null">
      <![CDATA[java.lang.NullPointerException: Cannot invoke "pageObjects.PracticeForm.enterUserNumber()" because "this.PracticeFormVariable" is null
	at tests.PracticeFormTestCases.TestCaseEnterNumber(PracticeFormTestCases.java:41)
... Removed 24 stack frames]]>
    </failure>
  </testcase> <!-- TestCaseEnterNumber -->
  <testcase classname="tests.PracticeFormTestCases" name="TestCaseEnterDOB" time="0.001">
    <failure type="java.lang.NullPointerException" message="Cannot invoke &amp;quot;pageObjects.PracticeForm.enterDateOfBirth()&amp;quot; because &amp;quot;this.PracticeFormVariable&amp;quot; is null">
      <![CDATA[java.lang.NullPointerException: Cannot invoke "pageObjects.PracticeForm.enterDateOfBirth()" because "this.PracticeFormVariable" is null
	at tests.PracticeFormTestCases.TestCaseEnterDOB(PracticeFormTestCases.java:46)
... Removed 24 stack frames]]>
    </failure>
  </testcase> <!-- TestCaseEnterDOB -->
  <testcase classname="tests.PracticeFormTestCases" name="TestCaseEnterSubjects" time="0.002">
    <failure type="java.lang.NullPointerException" message="Cannot invoke &amp;quot;pageObjects.PracticeForm.enterUserSubjects()&amp;quot; because &amp;quot;this.PracticeFormVariable&amp;quot; is null">
      <![CDATA[java.lang.NullPointerException: Cannot invoke "pageObjects.PracticeForm.enterUserSubjects()" because "this.PracticeFormVariable" is null
	at tests.PracticeFormTestCases.TestCaseEnterSubjects(PracticeFormTestCases.java:52)
... Removed 24 stack frames]]>
    </failure>
  </testcase> <!-- TestCaseEnterSubjects -->
  <testcase classname="tests.PracticeFormTestCases" name="TestCaseCheckHobbies1" time="0.001">
    <failure type="java.lang.NullPointerException" message="Cannot invoke &amp;quot;pageObjects.PracticeForm.checkUserHobbies1()&amp;quot; because &amp;quot;this.PracticeFormVariable&amp;quot; is null">
      <![CDATA[java.lang.NullPointerException: Cannot invoke "pageObjects.PracticeForm.checkUserHobbies1()" because "this.PracticeFormVariable" is null
	at tests.PracticeFormTestCases.TestCaseCheckHobbies1(PracticeFormTestCases.java:57)
... Removed 24 stack frames]]>
    </failure>
  </testcase> <!-- TestCaseCheckHobbies1 -->
  <testcase classname="tests.PracticeFormTestCases" name="TestCaseCheckHobbies2" time="0.001">
    <failure type="java.lang.NullPointerException" message="Cannot invoke &amp;quot;pageObjects.PracticeForm.checkUserHobbies2()&amp;quot; because &amp;quot;this.PracticeFormVariable&amp;quot; is null">
      <![CDATA[java.lang.NullPointerException: Cannot invoke "pageObjects.PracticeForm.checkUserHobbies2()" because "this.PracticeFormVariable" is null
	at tests.PracticeFormTestCases.TestCaseCheckHobbies2(PracticeFormTestCases.java:62)
... Removed 24 stack frames]]>
    </failure>
  </testcase> <!-- TestCaseCheckHobbies2 -->
  <testcase classname="tests.PracticeFormTestCases" name="TestCaseCheckHobbies3" time="0.001">
    <failure type="java.lang.NullPointerException" message="Cannot invoke &amp;quot;pageObjects.PracticeForm.checkUserHobbies3()&amp;quot; because &amp;quot;this.PracticeFormVariable&amp;quot; is null">
      <![CDATA[java.lang.NullPointerException: Cannot invoke "pageObjects.PracticeForm.checkUserHobbies3()" because "this.PracticeFormVariable" is null
	at tests.PracticeFormTestCases.TestCaseCheckHobbies3(PracticeFormTestCases.java:67)
... Removed 24 stack frames]]>
    </failure>
  </testcase> <!-- TestCaseCheckHobbies3 -->
  <testcase classname="tests.PracticeFormTestCases" name="TestCaseUploadProfilePicture" time="0.001">
    <failure type="java.lang.NullPointerException" message="Cannot invoke &amp;quot;pageObjects.PracticeForm.uploadProfilePicture()&amp;quot; because &amp;quot;this.PracticeFormVariable&amp;quot; is null">
      <![CDATA[java.lang.NullPointerException: Cannot invoke "pageObjects.PracticeForm.uploadProfilePicture()" because "this.PracticeFormVariable" is null
	at tests.PracticeFormTestCases.TestCaseUploadProfilePicture(PracticeFormTestCases.java:73)
... Removed 24 stack frames]]>
    </failure>
  </testcase> <!-- TestCaseUploadProfilePicture -->
  <testcase classname="tests.PracticeFormTestCases" name="TestCaseEnterUserAddress" time="0.001">
    <failure type="java.lang.NullPointerException" message="Cannot invoke &amp;quot;pageObjects.PracticeForm.enterUserCurrentAddress(String)&amp;quot; because &amp;quot;this.PracticeFormVariable&amp;quot; is null">
      <![CDATA[java.lang.NullPointerException: Cannot invoke "pageObjects.PracticeForm.enterUserCurrentAddress(String)" because "this.PracticeFormVariable" is null
	at tests.PracticeFormTestCases.TestCaseEnterUserAddress(PracticeFormTestCases.java:78)
... Removed 24 stack frames]]>
    </failure>
  </testcase> <!-- TestCaseEnterUserAddress -->
  <testcase classname="tests.PracticeFormTestCases" name="TestCaseEnterUserSateAndCity" time="0.001">
    <failure type="java.lang.NullPointerException" message="Cannot invoke &amp;quot;pageObjects.PracticeForm.enterUserStateAndCity()&amp;quot; because &amp;quot;this.PracticeFormVariable&amp;quot; is null">
      <![CDATA[java.lang.NullPointerException: Cannot invoke "pageObjects.PracticeForm.enterUserStateAndCity()" because "this.PracticeFormVariable" is null
	at tests.PracticeFormTestCases.TestCaseEnterUserSateAndCity(PracticeFormTestCases.java:84)
... Removed 24 stack frames]]>
    </failure>
  </testcase> <!-- TestCaseEnterUserSateAndCity -->
</testsuite> <!-- DemoQATests -->
