<?xml version="1.0" encoding="UTF-8"?>
<!-- Generated by org.testng.reporters.JUnitXMLReporter -->
<testsuite hostname="LAPTOP-RMAM58HG" failures="1" tests="1" name="HerokuTests" time="0.004" errors="0" timestamp="14 Oct 2024 17:38:20 GMT">
  <testcase classname="tests.HerokuAppUploadTest" name="TestCaseVerifyFileUpload" time="0.001">
    <failure type="java.lang.NullPointerException" message="Cannot invoke &amp;quot;pageObjects.HerokuAppUpload.uploadFile(String)&amp;quot; because &amp;quot;this.herokuAppUploadVariable&amp;quot; is null">
      <![CDATA[java.lang.NullPointerException: Cannot invoke "pageObjects.HerokuAppUpload.uploadFile(String)" because "this.herokuAppUploadVariable" is null
	at tests.HerokuAppUploadTest.TestCaseVerifyFileUpload(HerokuAppUploadTest.java:33)
... Removed 24 stack frames]]>
    </failure>
  </testcase> <!-- TestCaseVerifyFileUpload -->
</testsuite> <!-- HerokuTests -->
