<?xml version="1.0" encoding="UTF-8"?>
<!-- Generated by org.testng.reporters.JUnitXMLReporter -->
<testsuite hostname="LAPTOP-RMAM58HG" failures="0" tests="14" name="Test" time="39.662" errors="0" timestamp="14 Oct 2024 17:51:13 GMT">
  <testcase classname="tests.PracticeFormTestCases" name="TestCaseEnterFirstName" time="3.256"/>
  <testcase classname="tests.PracticeFormTestCases" name="TestCaseEnterLastName" time="0.107"/>
  <testcase classname="tests.PracticeFormTestCases" name="TestCaseEnterUserEmail" time="0.161"/>
  <testcase classname="tests.PracticeFormTestCases" name="TestCaseSelectGender" time="0.141"/>
  <testcase classname="tests.PracticeFormTestCases" name="TestCaseEnterNumber" time="0.156"/>
  <testcase classname="tests.PracticeFormTestCases" name="TestCaseEnterDOB" time="9.494"/>
  <testcase classname="tests.PracticeFormTestCases" name="TestCaseEnterSubjects" time="0.219"/>
  <testcase classname="tests.PracticeFormTestCases" name="TestCaseCheckHobbies1" time="0.048"/>
  <testcase classname="tests.PracticeFormTestCases" name="TestCaseCheckHobbies2" time="0.046"/>
  <testcase classname="tests.PracticeFormTestCases" name="TestCaseCheckHobbies3" time="3.066"/>
  <testcase classname="tests.PracticeFormTestCases" name="TestCaseUploadProfilePicture" time="3.069"/>
  <testcase classname="tests.PracticeFormTestCases" name="TestCaseEnterUserAddress" time="0.104"/>
  <testcase classname="tests.PracticeFormTestCases" name="TestCaseEnterUserSateAndCity" time="15.594"/>
  <testcase classname="tests.HerokuAppUploadTest" name="TestCaseVerifyFileUpload" time="4.022"/>
</testsuite> <!-- Test -->
