<?xml version="1.0" encoding="UTF-8"?>
<!-- Generated by org.testng.reporters.JUnitXMLReporter -->
<testsuite ignored="0" hostname="LAPTOP-RMAM58HG" failures="1" tests="1" name="HerokuTests" time="0.002" errors="0" timestamp="2024-10-14T22:35:44 IST">
  <testcase classname="tests.HerokuAppUploadTest" name="TestCaseVerifyFileUpload" time="0.001">
    <failure type="java.lang.NullPointerException" message="Cannot invoke &amp;quot;org.openqa.selenium.WebDriver.switchTo()&amp;quot; because &amp;quot;tests.HerokuAppUploadTest.driver&amp;quot; is null">
      <![CDATA[java.lang.NullPointerException: Cannot invoke "org.openqa.selenium.WebDriver.switchTo()" because "tests.HerokuAppUploadTest.driver" is null
at tests.HerokuAppUploadTest.TestCaseVerifyFileUpload(HerokuAppUploadTest.java:19)
at java.base/java.util.ArrayList.forEach(ArrayList.java:1511)
... Removed 31 stack frames]]>
    </failure>
  </testcase> <!-- TestCaseVerifyFileUpload -->
</testsuite> <!-- HerokuTests -->
