<?xml version="1.0" encoding="UTF-8"?>
<testsuite xmlns:xsi="http://www.w3.org/2001/XMLSchema-instance" xsi:noNamespaceSchemaLocation="https://maven.apache.org/surefire/maven-surefire-plugin/xsd/surefire-test-report-3.0.xsd" version="3.0" name="TestSuite" time="0.646" tests="14" errors="0" skipped="0" failures="14">
  <properties>
[...]
</properties>
  <testcase name="TestCaseEnterFirstName" classname="tests.PracticeFormTestCases" time="0.018">
    <failure message="Cannot invoke &quot;pageObjects.PracticeForm.clickOnFirstNameInput()&quot; because &quot;this.PracticeFormVariable&quot; is null" type="java.lang.NullPointerException"><![CDATA[java.lang.NullPointerException: Cannot invoke "pageObjects.PracticeForm.clickOnFirstNameInput()" because "this.PracticeFormVariable" is null
	at tests.PracticeFormTestCases.TestCaseEnterFirstName(PracticeFormTestCases.java:19)
]]></failure>
    <system-err><![CDATA[SLF4J(W): No SLF4J providers were found.
SLF4J(W): Defaulting to no-operation (NOP) logger implementation
SLF4J(W): See https://www.slf4j.org/codes.html#noProviders for further details.
]]></system-err>
  </testcase>
  <testcase name="TestCaseEnterLastName" classname="tests.PracticeFormTestCases" time="0.001">
    <failure message="Cannot invoke &quot;pageObjects.PracticeForm.clickOnLastNameInput(String)&quot; because &quot;this.PracticeFormVariable&quot; is null" type="java.lang.NullPointerException"><![CDATA[java.lang.NullPointerException: Cannot invoke "pageObjects.PracticeForm.clickOnLastNameInput(String)" because "this.PracticeFormVariable" is null
	at tests.PracticeFormTestCases.TestCaseEnterLastName(PracticeFormTestCases.java:25)
]]></failure>
  </testcase>
  <testcase name="TestCaseEnterUserEmail" classname="tests.PracticeFormTestCases" time="0">
    <failure message="Cannot invoke &quot;pageObjects.PracticeForm.clickOnEmailInput(String)&quot; because &quot;this.PracticeFormVariable&quot; is null" type="java.lang.NullPointerException"><![CDATA[java.lang.NullPointerException: Cannot invoke "pageObjects.PracticeForm.clickOnEmailInput(String)" because "this.PracticeFormVariable" is null
	at tests.PracticeFormTestCases.TestCaseEnterUserEmail(PracticeFormTestCases.java:30)
]]></failure>
  </testcase>
  <testcase name="TestCaseSelectGender" classname="tests.PracticeFormTestCases" time="0">
    <failure message="Cannot invoke &quot;pageObjects.PracticeForm.clickOnGenderButton()&quot; because &quot;this.PracticeFormVariable&quot; is null" type="java.lang.NullPointerException"><![CDATA[java.lang.NullPointerException: Cannot invoke "pageObjects.PracticeForm.clickOnGenderButton()" because "this.PracticeFormVariable" is null
	at tests.PracticeFormTestCases.TestCaseSelectGender(PracticeFormTestCases.java:35)
]]></failure>
  </testcase>
  <testcase name="TestCaseEnterNumber" classname="tests.PracticeFormTestCases" time="0.001">
    <failure message="Cannot invoke &quot;pageObjects.PracticeForm.enterUserNumber()&quot; because &quot;this.PracticeFormVariable&quot; is null" type="java.lang.NullPointerException"><![CDATA[java.lang.NullPointerException: Cannot invoke "pageObjects.PracticeForm.enterUserNumber()" because "this.PracticeFormVariable" is null
	at tests.PracticeFormTestCases.TestCaseEnterNumber(PracticeFormTestCases.java:40)
]]></failure>
  </testcase>
  <testcase name="TestCaseEnterDOB" classname="tests.PracticeFormTestCases" time="0.001">
    <failure message="Cannot invoke &quot;pageObjects.PracticeForm.enterDateOfBirth()&quot; because &quot;this.PracticeFormVariable&quot; is null" type="java.lang.NullPointerException"><![CDATA[java.lang.NullPointerException: Cannot invoke "pageObjects.PracticeForm.enterDateOfBirth()" because "this.PracticeFormVariable" is null
	at tests.PracticeFormTestCases.TestCaseEnterDOB(PracticeFormTestCases.java:45)
]]></failure>
  </testcase>
  <testcase name="TestCaseEnterSubjects" classname="tests.PracticeFormTestCases" time="0">
    <failure message="Cannot invoke &quot;pageObjects.PracticeForm.enterUserSubjects()&quot; because &quot;this.PracticeFormVariable&quot; is null" type="java.lang.NullPointerException"><![CDATA[java.lang.NullPointerException: Cannot invoke "pageObjects.PracticeForm.enterUserSubjects()" because "this.PracticeFormVariable" is null
	at tests.PracticeFormTestCases.TestCaseEnterSubjects(PracticeFormTestCases.java:51)
]]></failure>
  </testcase>
  <testcase name="TestCaseCheckHobbies1" classname="tests.PracticeFormTestCases" time="0.001">
    <failure message="Cannot invoke &quot;pageObjects.PracticeForm.checkUserHobbies1()&quot; because &quot;this.PracticeFormVariable&quot; is null" type="java.lang.NullPointerException"><![CDATA[java.lang.NullPointerException: Cannot invoke "pageObjects.PracticeForm.checkUserHobbies1()" because "this.PracticeFormVariable" is null
	at tests.PracticeFormTestCases.TestCaseCheckHobbies1(PracticeFormTestCases.java:56)
]]></failure>
  </testcase>
  <testcase name="TestCaseCheckHobbies2" classname="tests.PracticeFormTestCases" time="0.001">
    <failure message="Cannot invoke &quot;pageObjects.PracticeForm.checkUserHobbies2()&quot; because &quot;this.PracticeFormVariable&quot; is null" type="java.lang.NullPointerException"><![CDATA[java.lang.NullPointerException: Cannot invoke "pageObjects.PracticeForm.checkUserHobbies2()" because "this.PracticeFormVariable" is null
	at tests.PracticeFormTestCases.TestCaseCheckHobbies2(PracticeFormTestCases.java:61)
]]></failure>
  </testcase>
  <testcase name="TestCaseCheckHobbies3" classname="tests.PracticeFormTestCases" time="0">
    <failure message="Cannot invoke &quot;pageObjects.PracticeForm.checkUserHobbies3()&quot; because &quot;this.PracticeFormVariable&quot; is null" type="java.lang.NullPointerException"><![CDATA[java.lang.NullPointerException: Cannot invoke "pageObjects.PracticeForm.checkUserHobbies3()" because "this.PracticeFormVariable" is null
	at tests.PracticeFormTestCases.TestCaseCheckHobbies3(PracticeFormTestCases.java:66)
]]></failure>
  </testcase>
  <testcase name="TestCaseUploadProfilePicture" classname="tests.PracticeFormTestCases" time="0">
    <failure message="Cannot invoke &quot;pageObjects.PracticeForm.uploadProfilePicture()&quot; because &quot;this.PracticeFormVariable&quot; is null" type="java.lang.NullPointerException"><![CDATA[java.lang.NullPointerException: Cannot invoke "pageObjects.PracticeForm.uploadProfilePicture()" because "this.PracticeFormVariable" is null
	at tests.PracticeFormTestCases.TestCaseUploadProfilePicture(PracticeFormTestCases.java:72)
]]></failure>
  </testcase>
  <testcase name="TestCaseEnterUserAddress" classname="tests.PracticeFormTestCases" time="0">
    <failure message="Cannot invoke &quot;pageObjects.PracticeForm.enterUserCurrentAddress(String)&quot; because &quot;this.PracticeFormVariable&quot; is null" type="java.lang.NullPointerException"><![CDATA[java.lang.NullPointerException: Cannot invoke "pageObjects.PracticeForm.enterUserCurrentAddress(String)" because "this.PracticeFormVariable" is null
	at tests.PracticeFormTestCases.TestCaseEnterUserAddress(PracticeFormTestCases.java:77)
]]></failure>
  </testcase>
  <testcase name="TestCaseEnterUserSateAndCity" classname="tests.PracticeFormTestCases" time="0">
    <failure message="Cannot invoke &quot;pageObjects.PracticeForm.enterUserStateAndCity()&quot; because &quot;this.PracticeFormVariable&quot; is null" type="java.lang.NullPointerException"><![CDATA[java.lang.NullPointerException: Cannot invoke "pageObjects.PracticeForm.enterUserStateAndCity()" because "this.PracticeFormVariable" is null
	at tests.PracticeFormTestCases.TestCaseEnterUserSateAndCity(PracticeFormTestCases.java:83)
]]></failure>
  </testcase>
  <testcase name="TestCaseVerifyFileUpload" classname="tests.HerokuAppUploadTest" time="0">
    <failure message="Cannot invoke &quot;org.openqa.selenium.WebDriver.switchTo()&quot; because &quot;tests.HerokuAppUploadTest.driver&quot; is null" type="java.lang.NullPointerException"><![CDATA[java.lang.NullPointerException: Cannot invoke "org.openqa.selenium.WebDriver.switchTo()" because "tests.HerokuAppUploadTest.driver" is null
	at tests.HerokuAppUploadTest.TestCaseVerifyFileUpload(HerokuAppUploadTest.java:19)
]]></failure>
  </testcase>
</testsuite>